<?xml version="1.0" encoding="UTF-8"?>
<testsuite name="Kevin registration on the automation page" tests="1" skipped="0" failures="0" errors="0" timestamp="2022-04-25T05:45:26" hostname="DESKTOP-968S615" time="50.97">
  <properties/>
  <testcase name="Kevin registration on the automation page" classname="Kevin registration on the automation page" time="50.97"/>
  <system-out><![CDATA[]]></system-out>
  <system-err><![CDATA[[Test worker] WARN net.thucydides.core.steps.BaseStepListener - stepStarted: net.thucydides.core.steps.ExecutedStepDescription@6babbc34
[Test worker] WARN net.thucydides.core.steps.BaseStepListener - stepStarted: net.thucydides.core.steps.ExecutedStepDescription@4dfa5080
[Test worker] WARN net.thucydides.core.steps.BaseStepListener - stepStarted: net.thucydides.core.steps.ExecutedStepDescription@5def8dfd
abr 25, 2022 12:45:27 AM org.openqa.selenium.remote.DesiredCapabilities chrome
INFORMACIÓN: Using `new ChromeOptions()` is preferred to `DesiredCapabilities.chrome()`
[Test worker] INFO net.serenitybdd.core.webdriver.driverproviders.ProvideNewDriver - Instantiating driver
[Test worker] INFO net.serenitybdd.core.webdriver.driverproviders.ProvideNewDriver - Driver capabilities: Capabilities {acceptInsecureCerts: false, browserName: chrome, chrome.switches: --start-maximized, goog:chromeOptions: {args: [--start-maximized], extensions: []}, loggingPrefs: org.openqa.selenium.logging..., platform: ANY, version: }
Starting ChromeDriver 100.0.4896.60 (6a5d10861ce8de5fce22564658033b43cb7de047-refs/branch-heads/4896@{#875}) on port 44335
Only local connections are allowed.
Please see https://chromedriver.chromium.org/security-considerations for suggestions on keeping ChromeDriver safe.
ChromeDriver was started successfully.
abr 25, 2022 12:45:31 AM org.openqa.selenium.remote.ProtocolHandshake createSession
INFORMACIÓN: Detected dialect: W3C
[Test worker] WARN net.thucydides.core.steps.BaseStepListener - stepFinished: current outcome:Kevin registration on the automation page:Given Kevin wants to register on the automation page [Kevin open page automation [Kevin opens the Page automation]]
[Test worker] WARN net.thucydides.core.steps.BaseStepListener - stepStarted: net.thucydides.core.steps.ExecutedStepDescription@67c0f40d
[Test worker] WARN net.thucydides.core.steps.BaseStepListener - stepFinished: current outcome:Kevin registration on the automation page:Given Kevin wants to register on the automation page [Kevin open page automation [Kevin opens the Page automation, Kevin clicks on Boton para ingresar al registro]]
[Test worker] WARN net.thucydides.core.steps.BaseStepListener - stepFinished: current outcome:Kevin registration on the automation page:Given Kevin wants to register on the automation page [Kevin open page automation [Kevin opens the Page automation, Kevin clicks on Boton para ingresar al registro]]
[Test worker] WARN net.thucydides.core.steps.BaseStepListener - stepFinished: current outcome:Kevin registration on the automation page:Given Kevin wants to register on the automation page [Kevin open page automation [Kevin opens the Page automation, Kevin clicks on Boton para ingresar al registro]]
[Test worker] WARN net.thucydides.core.steps.BaseStepListener - stepStarted: net.thucydides.core.steps.ExecutedStepDescription@6a369e17
[Test worker] WARN net.thucydides.core.steps.BaseStepListener - stepStarted: net.thucydides.core.steps.ExecutedStepDescription@238d0da9
[Test worker] WARN net.thucydides.core.steps.BaseStepListener - stepStarted: net.thucydides.core.steps.ExecutedStepDescription@22960c75
[Test worker] WARN net.thucydides.core.steps.BaseStepListener - stepFinished: current outcome:Kevin registration on the automation page:Given Kevin wants to register on the automation page [Kevin open page automation [Kevin opens the Page automation, Kevin clicks on Boton para ingresar al registro]], When Enter all the required information
| strNombre | strApellido | strDireccion | strCorreo | strTelefono | strIdioma | strHabilidades | strPais | strAno | strMes | strDia | strClave1 | strClave2 |
| Kevin | Caballero | AV. 0 #4-24 | kevin@gmail.com | 3203700456 | Arabic | C | Japan | 1995 | October | 24 | Kc12345 | Kc12345 | [Kevin page register date [Kevin enters 'Kevin' into Nombre del usuario]]
[Test worker] WARN net.thucydides.core.steps.BaseStepListener - stepStarted: net.thucydides.core.steps.ExecutedStepDescription@75b2fae0
[Test worker] WARN net.thucydides.core.steps.BaseStepListener - stepFinished: current outcome:Kevin registration on the automation page:Given Kevin wants to register on the automation page [Kevin open page automation [Kevin opens the Page automation, Kevin clicks on Boton para ingresar al registro]], When Enter all the required information
| strNombre | strApellido | strDireccion | strCorreo | strTelefono | strIdioma | strHabilidades | strPais | strAno | strMes | strDia | strClave1 | strClave2 |
| Kevin | Caballero | AV. 0 #4-24 | kevin@gmail.com | 3203700456 | Arabic | C | Japan | 1995 | October | 24 | Kc12345 | Kc12345 | [Kevin page register date [Kevin enters 'Kevin' into Nombre del usuario, Kevin enters 'Caballero' into Apellido del usuario]]
[Test worker] WARN net.thucydides.core.steps.BaseStepListener - stepStarted: net.thucydides.core.steps.ExecutedStepDescription@6145b3d5
[Test worker] WARN net.thucydides.core.steps.BaseStepListener - stepFinished: current outcome:Kevin registration on the automation page:Given Kevin wants to register on the automation page [Kevin open page automation [Kevin opens the Page automation, Kevin clicks on Boton para ingresar al registro]], When Enter all the required information
| strNombre | strApellido | strDireccion | strCorreo | strTelefono | strIdioma | strHabilidades | strPais | strAno | strMes | strDia | strClave1 | strClave2 |
| Kevin | Caballero | AV. 0 #4-24 | kevin@gmail.com | 3203700456 | Arabic | C | Japan | 1995 | October | 24 | Kc12345 | Kc12345 | [Kevin page register date [Kevin enters 'Kevin' into Nombre del usuario, Kevin enters 'Caballero' into Apellido del usuario, Kevin enters 'AV. 0 #4-24' into DirecciÃ³n del usuario]]
[Test worker] WARN net.thucydides.core.steps.BaseStepListener - stepStarted: net.thucydides.core.steps.ExecutedStepDescription@54e2435a
[Test worker] WARN net.thucydides.core.steps.BaseStepListener - stepFinished: current outcome:Kevin registration on the automation page:Given Kevin wants to register on the automation page [Kevin open page automation [Kevin opens the Page automation, Kevin clicks on Boton para ingresar al registro]], When Enter all the required information
| strNombre | strApellido | strDireccion | strCorreo | strTelefono | strIdioma | strHabilidades | strPais | strAno | strMes | strDia | strClave1 | strClave2 |
| Kevin | Caballero | AV. 0 #4-24 | kevin@gmail.com | 3203700456 | Arabic | C | Japan | 1995 | October | 24 | Kc12345 | Kc12345 | [Kevin page register date [Kevin enters 'Kevin' into Nombre del usuario, Kevin enters 'Caballero' into Apellido del usuario, Kevin enters 'AV. 0 #4-24' into DirecciÃ³n del usuario, Kevin enters 'kevin@gmail.com' into Correo del usuario]]
[Test worker] WARN net.thucydides.core.steps.BaseStepListener - stepStarted: net.thucydides.core.steps.ExecutedStepDescription@9122b51
[Test worker] WARN net.thucydides.core.steps.BaseStepListener - stepFinished: current outcome:Kevin registration on the automation page:Given Kevin wants to register on the automation page [Kevin open page automation [Kevin opens the Page automation, Kevin clicks on Boton para ingresar al registro]], When Enter all the required information
| strNombre | strApellido | strDireccion | strCorreo | strTelefono | strIdioma | strHabilidades | strPais | strAno | strMes | strDia | strClave1 | strClave2 |
| Kevin | Caballero | AV. 0 #4-24 | kevin@gmail.com | 3203700456 | Arabic | C | Japan | 1995 | October | 24 | Kc12345 | Kc12345 | [Kevin page register date [Kevin enters 'Kevin' into Nombre del usuario, Kevin enters 'Caballero' into Apellido del usuario, Kevin enters 'AV. 0 #4-24' into DirecciÃ³n del usuario, Kevin enters 'kevin@gmail.com' into Correo del usuario, Kevin enters '3203700456' into Telefono del usuario]]
[Test worker] WARN net.thucydides.core.steps.BaseStepListener - stepStarted: net.thucydides.core.steps.ExecutedStepDescription@140fe8d9
[Test worker] WARN net.thucydides.core.steps.BaseStepListener - stepFinished: current outcome:Kevin registration on the automation page:Given Kevin wants to register on the automation page [Kevin open page automation [Kevin opens the Page automation, Kevin clicks on Boton para ingresar al registro]], When Enter all the required information
| strNombre | strApellido | strDireccion | strCorreo | strTelefono | strIdioma | strHabilidades | strPais | strAno | strMes | strDia | strClave1 | strClave2 |
| Kevin | Caballero | AV. 0 #4-24 | kevin@gmail.com | 3203700456 | Arabic | C | Japan | 1995 | October | 24 | Kc12345 | Kc12345 | [Kevin page register date [Kevin enters 'Kevin' into Nombre del usuario, Kevin enters 'Caballero' into Apellido del usuario, Kevin enters 'AV. 0 #4-24' into DirecciÃ³n del usuario, Kevin enters 'kevin@gmail.com' into Correo del usuario, Kevin enters '3203700456' into Telefono del usuario, Kevin clicks on Check Genero del usuario]]
[Test worker] WARN net.thucydides.core.steps.BaseStepListener - stepStarted: net.thucydides.core.steps.ExecutedStepDescription@46222b6f
[Test worker] WARN net.thucydides.core.steps.BaseStepListener - stepFinished: current outcome:Kevin registration on the automation page:Given Kevin wants to register on the automation page [Kevin open page automation [Kevin opens the Page automation, Kevin clicks on Boton para ingresar al registro]], When Enter all the required information
| strNombre | strApellido | strDireccion | strCorreo | strTelefono | strIdioma | strHabilidades | strPais | strAno | strMes | strDia | strClave1 | strClave2 |
| Kevin | Caballero | AV. 0 #4-24 | kevin@gmail.com | 3203700456 | Arabic | C | Japan | 1995 | October | 24 | Kc12345 | Kc12345 | [Kevin page register date [Kevin enters 'Kevin' into Nombre del usuario, Kevin enters 'Caballero' into Apellido del usuario, Kevin enters 'AV. 0 #4-24' into DirecciÃ³n del usuario, Kevin enters 'kevin@gmail.com' into Correo del usuario, Kevin enters '3203700456' into Telefono del usuario, Kevin clicks on Check Genero del usuario, Kevin clicks on Check Apellido del usuario]]
[Test worker] WARN net.thucydides.core.steps.BaseStepListener - stepStarted: net.thucydides.core.steps.ExecutedStepDescription@7ff750a7
[Test worker] WARN net.thucydides.core.steps.BaseStepListener - stepFinished: current outcome:Kevin registration on the automation page:Given Kevin wants to register on the automation page [Kevin open page automation [Kevin opens the Page automation, Kevin clicks on Boton para ingresar al registro]], When Enter all the required information
| strNombre | strApellido | strDireccion | strCorreo | strTelefono | strIdioma | strHabilidades | strPais | strAno | strMes | strDia | strClave1 | strClave2 |
| Kevin | Caballero | AV. 0 #4-24 | kevin@gmail.com | 3203700456 | Arabic | C | Japan | 1995 | October | 24 | Kc12345 | Kc12345 | [Kevin page register date [Kevin enters 'Kevin' into Nombre del usuario, Kevin enters 'Caballero' into Apellido del usuario, Kevin enters 'AV. 0 #4-24' into DirecciÃ³n del usuario, Kevin enters 'kevin@gmail.com' into Correo del usuario, Kevin enters '3203700456' into Telefono del usuario, Kevin clicks on Check Genero del usuario, Kevin clicks on Check Apellido del usuario, Kevin clicks on Contenedor Idioma del usuario]]
[Test worker] WARN net.thucydides.core.steps.BaseStepListener - stepStarted: net.thucydides.core.steps.ExecutedStepDescription@40b594de
[Test worker] WARN net.thucydides.core.steps.BaseStepListener - stepFinished: current outcome:Kevin registration on the automation page:Given Kevin wants to register on the automation page [Kevin open page automation [Kevin opens the Page automation, Kevin clicks on Boton para ingresar al registro]], When Enter all the required information
| strNombre | strApellido | strDireccion | strCorreo | strTelefono | strIdioma | strHabilidades | strPais | strAno | strMes | strDia | strClave1 | strClave2 |
| Kevin | Caballero | AV. 0 #4-24 | kevin@gmail.com | 3203700456 | Arabic | C | Japan | 1995 | October | 24 | Kc12345 | Kc12345 | [Kevin page register date [Kevin enters 'Kevin' into Nombre del usuario, Kevin enters 'Caballero' into Apellido del usuario, Kevin enters 'AV. 0 #4-24' into DirecciÃ³n del usuario, Kevin enters 'kevin@gmail.com' into Correo del usuario, Kevin enters '3203700456' into Telefono del usuario, Kevin clicks on Check Genero del usuario, Kevin clicks on Check Apellido del usuario, Kevin clicks on Contenedor Idioma del usuario, Kevin clicks on Idioma del usuario]]
[Test worker] WARN net.thucydides.core.steps.BaseStepListener - stepStarted: net.thucydides.core.steps.ExecutedStepDescription@2607857d
[Test worker] WARN net.thucydides.core.steps.BaseStepListener - stepFinished: current outcome:Kevin registration on the automation page:Given Kevin wants to register on the automation page [Kevin open page automation [Kevin opens the Page automation, Kevin clicks on Boton para ingresar al registro]], When Enter all the required information
| strNombre | strApellido | strDireccion | strCorreo | strTelefono | strIdioma | strHabilidades | strPais | strAno | strMes | strDia | strClave1 | strClave2 |
| Kevin | Caballero | AV. 0 #4-24 | kevin@gmail.com | 3203700456 | Arabic | C | Japan | 1995 | October | 24 | Kc12345 | Kc12345 | [Kevin page register date [Kevin enters 'Kevin' into Nombre del usuario, Kevin enters 'Caballero' into Apellido del usuario, Kevin enters 'AV. 0 #4-24' into DirecciÃ³n del usuario, Kevin enters 'kevin@gmail.com' into Correo del usuario, Kevin enters '3203700456' into Telefono del usuario, Kevin clicks on Check Genero del usuario, Kevin clicks on Check Apellido del usuario, Kevin clicks on Contenedor Idioma del usuario, Kevin clicks on Idioma del usuario, Kevin select C on Habilidiades del usuario]]
[Test worker] WARN net.thucydides.core.steps.BaseStepListener - stepStarted: net.thucydides.core.steps.ExecutedStepDescription@48acc5b3
[Test worker] WARN net.thucydides.core.steps.BaseStepListener - stepFinished: current outcome:Kevin registration on the automation page:Given Kevin wants to register on the automation page [Kevin open page automation [Kevin opens the Page automation, Kevin clicks on Boton para ingresar al registro]], When Enter all the required information
| strNombre | strApellido | strDireccion | strCorreo | strTelefono | strIdioma | strHabilidades | strPais | strAno | strMes | strDia | strClave1 | strClave2 |
| Kevin | Caballero | AV. 0 #4-24 | kevin@gmail.com | 3203700456 | Arabic | C | Japan | 1995 | October | 24 | Kc12345 | Kc12345 | [Kevin page register date [Kevin enters 'Kevin' into Nombre del usuario, Kevin enters 'Caballero' into Apellido del usuario, Kevin enters 'AV. 0 #4-24' into DirecciÃ³n del usuario, Kevin enters 'kevin@gmail.com' into Correo del usuario, Kevin enters '3203700456' into Telefono del usuario, Kevin clicks on Check Genero del usuario, Kevin clicks on Check Apellido del usuario, Kevin clicks on Contenedor Idioma del usuario, Kevin clicks on Idioma del usuario, Kevin select C on Habilidiades del usuario, Kevin clicks on Pais del usuario]]
[Test worker] WARN net.thucydides.core.steps.BaseStepListener - stepStarted: net.thucydides.core.steps.ExecutedStepDescription@3def226e
[Test worker] WARN net.thucydides.core.steps.BaseStepListener - stepFinished: current outcome:Kevin registration on the automation page:Given Kevin wants to register on the automation page [Kevin open page automation [Kevin opens the Page automation, Kevin clicks on Boton para ingresar al registro]], When Enter all the required information
| strNombre | strApellido | strDireccion | strCorreo | strTelefono | strIdioma | strHabilidades | strPais | strAno | strMes | strDia | strClave1 | strClave2 |
| Kevin | Caballero | AV. 0 #4-24 | kevin@gmail.com | 3203700456 | Arabic | C | Japan | 1995 | October | 24 | Kc12345 | Kc12345 | [Kevin page register date [Kevin enters 'Kevin' into Nombre del usuario, Kevin enters 'Caballero' into Apellido del usuario, Kevin enters 'AV. 0 #4-24' into DirecciÃ³n del usuario, Kevin enters 'kevin@gmail.com' into Correo del usuario, Kevin enters '3203700456' into Telefono del usuario, Kevin clicks on Check Genero del usuario, Kevin clicks on Check Apellido del usuario, Kevin clicks on Contenedor Idioma del usuario, Kevin clicks on Idioma del usuario, Kevin select C on Habilidiades del usuario, Kevin clicks on Pais del usuario, Kevin enters 'Japan' into Pais del usuario]]
[Test worker] WARN net.thucydides.core.steps.BaseStepListener - stepStarted: net.thucydides.core.steps.ExecutedStepDescription@2bff4534
[Test worker] WARN net.thucydides.core.steps.BaseStepListener - stepFinished: current outcome:Kevin registration on the automation page:Given Kevin wants to register on the automation page [Kevin open page automation [Kevin opens the Page automation, Kevin clicks on Boton para ingresar al registro]], When Enter all the required information
| strNombre | strApellido | strDireccion | strCorreo | strTelefono | strIdioma | strHabilidades | strPais | strAno | strMes | strDia | strClave1 | strClave2 |
| Kevin | Caballero | AV. 0 #4-24 | kevin@gmail.com | 3203700456 | Arabic | C | Japan | 1995 | October | 24 | Kc12345 | Kc12345 | [Kevin page register date [Kevin enters 'Kevin' into Nombre del usuario, Kevin enters 'Caballero' into Apellido del usuario, Kevin enters 'AV. 0 #4-24' into DirecciÃ³n del usuario, Kevin enters 'kevin@gmail.com' into Correo del usuario, Kevin enters '3203700456' into Telefono del usuario, Kevin clicks on Check Genero del usuario, Kevin clicks on Check Apellido del usuario, Kevin clicks on Contenedor Idioma del usuario, Kevin clicks on Idioma del usuario, Kevin select C on Habilidiades del usuario, Kevin clicks on Pais del usuario, Kevin enters 'Japan' into Pais del usuario, Kevin types 'ENTER' in Pais del usuario]]
[Test worker] WARN net.thucydides.core.steps.BaseStepListener - stepStarted: net.thucydides.core.steps.ExecutedStepDescription@19293250
[Test worker] WARN net.thucydides.core.steps.BaseStepListener - stepFinished: current outcome:Kevin registration on the automation page:Given Kevin wants to register on the automation page [Kevin open page automation [Kevin opens the Page automation, Kevin clicks on Boton para ingresar al registro]], When Enter all the required information
| strNombre | strApellido | strDireccion | strCorreo | strTelefono | strIdioma | strHabilidades | strPais | strAno | strMes | strDia | strClave1 | strClave2 |
| Kevin | Caballero | AV. 0 #4-24 | kevin@gmail.com | 3203700456 | Arabic | C | Japan | 1995 | October | 24 | Kc12345 | Kc12345 | [Kevin page register date [Kevin enters 'Kevin' into Nombre del usuario, Kevin enters 'Caballero' into Apellido del usuario, Kevin enters 'AV. 0 #4-24' into DirecciÃ³n del usuario, Kevin enters 'kevin@gmail.com' into Correo del usuario, Kevin enters '3203700456' into Telefono del usuario, Kevin clicks on Check Genero del usuario, Kevin clicks on Check Apellido del usuario, Kevin clicks on Contenedor Idioma del usuario, Kevin clicks on Idioma del usuario, Kevin select C on Habilidiades del usuario, Kevin clicks on Pais del usuario, Kevin enters 'Japan' into Pais del usuario, Kevin types 'ENTER' in Pais del usuario, Kevin select 1995 on Ano del usuario]]
[Test worker] WARN net.thucydides.core.steps.BaseStepListener - stepStarted: net.thucydides.core.steps.ExecutedStepDescription@2d64dde3
[Test worker] WARN net.thucydides.core.steps.BaseStepListener - stepFinished: current outcome:Kevin registration on the automation page:Given Kevin wants to register on the automation page [Kevin open page automation [Kevin opens the Page automation, Kevin clicks on Boton para ingresar al registro]], When Enter all the required information
| strNombre | strApellido | strDireccion | strCorreo | strTelefono | strIdioma | strHabilidades | strPais | strAno | strMes | strDia | strClave1 | strClave2 |
| Kevin | Caballero | AV. 0 #4-24 | kevin@gmail.com | 3203700456 | Arabic | C | Japan | 1995 | October | 24 | Kc12345 | Kc12345 | [Kevin page register date [Kevin enters 'Kevin' into Nombre del usuario, Kevin enters 'Caballero' into Apellido del usuario, Kevin enters 'AV. 0 #4-24' into DirecciÃ³n del usuario, Kevin enters 'kevin@gmail.com' into Correo del usuario, Kevin enters '3203700456' into Telefono del usuario, Kevin clicks on Check Genero del usuario, Kevin clicks on Check Apellido del usuario, Kevin clicks on Contenedor Idioma del usuario, Kevin clicks on Idioma del usuario, Kevin select C on Habilidiades del usuario, Kevin clicks on Pais del usuario, Kevin enters 'Japan' into Pais del usuario, Kevin types 'ENTER' in Pais del usuario, Kevin select 1995 on Ano del usuario, Kevin select October on Mes del usuario]]
[Test worker] WARN net.thucydides.core.steps.BaseStepListener - stepStarted: net.thucydides.core.steps.ExecutedStepDescription@28c1d93a
[Test worker] WARN net.thucydides.core.steps.BaseStepListener - stepFinished: current outcome:Kevin registration on the automation page:Given Kevin wants to register on the automation page [Kevin open page automation [Kevin opens the Page automation, Kevin clicks on Boton para ingresar al registro]], When Enter all the required information
| strNombre | strApellido | strDireccion | strCorreo | strTelefono | strIdioma | strHabilidades | strPais | strAno | strMes | strDia | strClave1 | strClave2 |
| Kevin | Caballero | AV. 0 #4-24 | kevin@gmail.com | 3203700456 | Arabic | C | Japan | 1995 | October | 24 | Kc12345 | Kc12345 | [Kevin page register date [Kevin enters 'Kevin' into Nombre del usuario, Kevin enters 'Caballero' into Apellido del usuario, Kevin enters 'AV. 0 #4-24' into DirecciÃ³n del usuario, Kevin enters 'kevin@gmail.com' into Correo del usuario, Kevin enters '3203700456' into Telefono del usuario, Kevin clicks on Check Genero del usuario, Kevin clicks on Check Apellido del usuario, Kevin clicks on Contenedor Idioma del usuario, Kevin clicks on Idioma del usuario, Kevin select C on Habilidiades del usuario, Kevin clicks on Pais del usuario, Kevin enters 'Japan' into Pais del usuario, Kevin types 'ENTER' in Pais del usuario, Kevin select 1995 on Ano del usuario, Kevin select October on Mes del usuario, Kevin select 24 on Dia del usuario]]
[Test worker] WARN net.thucydides.core.steps.BaseStepListener - stepStarted: net.thucydides.core.steps.ExecutedStepDescription@350cfcac
[Test worker] WARN net.thucydides.core.steps.BaseStepListener - stepFinished: current outcome:Kevin registration on the automation page:Given Kevin wants to register on the automation page [Kevin open page automation [Kevin opens the Page automation, Kevin clicks on Boton para ingresar al registro]], When Enter all the required information
| strNombre | strApellido | strDireccion | strCorreo | strTelefono | strIdioma | strHabilidades | strPais | strAno | strMes | strDia | strClave1 | strClave2 |
| Kevin | Caballero | AV. 0 #4-24 | kevin@gmail.com | 3203700456 | Arabic | C | Japan | 1995 | October | 24 | Kc12345 | Kc12345 | [Kevin page register date [Kevin enters 'Kevin' into Nombre del usuario, Kevin enters 'Caballero' into Apellido del usuario, Kevin enters 'AV. 0 #4-24' into DirecciÃ³n del usuario, Kevin enters 'kevin@gmail.com' into Correo del usuario, Kevin enters '3203700456' into Telefono del usuario, Kevin clicks on Check Genero del usuario, Kevin clicks on Check Apellido del usuario, Kevin clicks on Contenedor Idioma del usuario, Kevin clicks on Idioma del usuario, Kevin select C on Habilidiades del usuario, Kevin clicks on Pais del usuario, Kevin enters 'Japan' into Pais del usuario, Kevin types 'ENTER' in Pais del usuario, Kevin select 1995 on Ano del usuario, Kevin select October on Mes del usuario, Kevin select 24 on Dia del usuario, Kevin enters 'Kc12345' into Clave1 del usuario]]
[Test worker] WARN net.thucydides.core.steps.BaseStepListener - stepStarted: net.thucydides.core.steps.ExecutedStepDescription@2fb9878f
[Test worker] WARN net.thucydides.core.steps.BaseStepListener - stepFinished: current outcome:Kevin registration on the automation page:Given Kevin wants to register on the automation page [Kevin open page automation [Kevin opens the Page automation, Kevin clicks on Boton para ingresar al registro]], When Enter all the required information
| strNombre | strApellido | strDireccion | strCorreo | strTelefono | strIdioma | strHabilidades | strPais | strAno | strMes | strDia | strClave1 | strClave2 |
| Kevin | Caballero | AV. 0 #4-24 | kevin@gmail.com | 3203700456 | Arabic | C | Japan | 1995 | October | 24 | Kc12345 | Kc12345 | [Kevin page register date [Kevin enters 'Kevin' into Nombre del usuario, Kevin enters 'Caballero' into Apellido del usuario, Kevin enters 'AV. 0 #4-24' into DirecciÃ³n del usuario, Kevin enters 'kevin@gmail.com' into Correo del usuario, Kevin enters '3203700456' into Telefono del usuario, Kevin clicks on Check Genero del usuario, Kevin clicks on Check Apellido del usuario, Kevin clicks on Contenedor Idioma del usuario, Kevin clicks on Idioma del usuario, Kevin select C on Habilidiades del usuario, Kevin clicks on Pais del usuario, Kevin enters 'Japan' into Pais del usuario, Kevin types 'ENTER' in Pais del usuario, Kevin select 1995 on Ano del usuario, Kevin select October on Mes del usuario, Kevin select 24 on Dia del usuario, Kevin enters 'Kc12345' into Clave1 del usuario, Kevin enters 'Kc12345' into Clave2 del usuario]]
[Test worker] WARN net.thucydides.core.steps.BaseStepListener - stepStarted: net.thucydides.core.steps.ExecutedStepDescription@363af5fe
[Test worker] WARN net.thucydides.core.steps.BaseStepListener - stepFinished: current outcome:Kevin registration on the automation page:Given Kevin wants to register on the automation page [Kevin open page automation [Kevin opens the Page automation, Kevin clicks on Boton para ingresar al registro]], When Enter all the required information
| strNombre | strApellido | strDireccion | strCorreo | strTelefono | strIdioma | strHabilidades | strPais | strAno | strMes | strDia | strClave1 | strClave2 |
| Kevin | Caballero | AV. 0 #4-24 | kevin@gmail.com | 3203700456 | Arabic | C | Japan | 1995 | October | 24 | Kc12345 | Kc12345 | [Kevin page register date [Kevin enters 'Kevin' into Nombre del usuario, Kevin enters 'Caballero' into Apellido del usuario, Kevin enters 'AV. 0 #4-24' into DirecciÃ³n del usuario, Kevin enters 'kevin@gmail.com' into Correo del usuario, Kevin enters '3203700456' into Telefono del usuario, Kevin clicks on Check Genero del usuario, Kevin clicks on Check Apellido del usuario, Kevin clicks on Contenedor Idioma del usuario, Kevin clicks on Idioma del usuario, Kevin select C on Habilidiades del usuario, Kevin clicks on Pais del usuario, Kevin enters 'Japan' into Pais del usuario, Kevin types 'ENTER' in Pais del usuario, Kevin select 1995 on Ano del usuario, Kevin select October on Mes del usuario, Kevin select 24 on Dia del usuario, Kevin enters 'Kc12345' into Clave1 del usuario, Kevin enters 'Kc12345' into Clave2 del usuario, Kevin clicks on Boton registrar datos]]
[Test worker] WARN net.thucydides.core.steps.BaseStepListener - stepFinished: current outcome:Kevin registration on the automation page:Given Kevin wants to register on the automation page [Kevin open page automation [Kevin opens the Page automation, Kevin clicks on Boton para ingresar al registro]], When Enter all the required information
| strNombre | strApellido | strDireccion | strCorreo | strTelefono | strIdioma | strHabilidades | strPais | strAno | strMes | strDia | strClave1 | strClave2 |
| Kevin | Caballero | AV. 0 #4-24 | kevin@gmail.com | 3203700456 | Arabic | C | Japan | 1995 | October | 24 | Kc12345 | Kc12345 | [Kevin page register date [Kevin enters 'Kevin' into Nombre del usuario, Kevin enters 'Caballero' into Apellido del usuario, Kevin enters 'AV. 0 #4-24' into DirecciÃ³n del usuario, Kevin enters 'kevin@gmail.com' into Correo del usuario, Kevin enters '3203700456' into Telefono del usuario, Kevin clicks on Check Genero del usuario, Kevin clicks on Check Apellido del usuario, Kevin clicks on Contenedor Idioma del usuario, Kevin clicks on Idioma del usuario, Kevin select C on Habilidiades del usuario, Kevin clicks on Pais del usuario, Kevin enters 'Japan' into Pais del usuario, Kevin types 'ENTER' in Pais del usuario, Kevin select 1995 on Ano del usuario, Kevin select October on Mes del usuario, Kevin select 24 on Dia del usuario, Kevin enters 'Kc12345' into Clave1 del usuario, Kevin enters 'Kc12345' into Clave2 del usuario, Kevin clicks on Boton registrar datos]]
[Test worker] WARN net.thucydides.core.steps.BaseStepListener - stepFinished: current outcome:Kevin registration on the automation page:Given Kevin wants to register on the automation page [Kevin open page automation [Kevin opens the Page automation, Kevin clicks on Boton para ingresar al registro]], When Enter all the required information
| strNombre | strApellido | strDireccion | strCorreo | strTelefono | strIdioma | strHabilidades | strPais | strAno | strMes | strDia | strClave1 | strClave2 |
| Kevin | Caballero | AV. 0 #4-24 | kevin@gmail.com | 3203700456 | Arabic | C | Japan | 1995 | October | 24 | Kc12345 | Kc12345 | [Kevin page register date [Kevin enters 'Kevin' into Nombre del usuario, Kevin enters 'Caballero' into Apellido del usuario, Kevin enters 'AV. 0 #4-24' into DirecciÃ³n del usuario, Kevin enters 'kevin@gmail.com' into Correo del usuario, Kevin enters '3203700456' into Telefono del usuario, Kevin clicks on Check Genero del usuario, Kevin clicks on Check Apellido del usuario, Kevin clicks on Contenedor Idioma del usuario, Kevin clicks on Idioma del usuario, Kevin select C on Habilidiades del usuario, Kevin clicks on Pais del usuario, Kevin enters 'Japan' into Pais del usuario, Kevin types 'ENTER' in Pais del usuario, Kevin select 1995 on Ano del usuario, Kevin select October on Mes del usuario, Kevin select 24 on Dia del usuario, Kevin enters 'Kc12345' into Clave1 del usuario, Kevin enters 'Kc12345' into Clave2 del usuario, Kevin clicks on Boton registrar datos]]
[Test worker] WARN net.thucydides.core.steps.BaseStepListener - stepStarted: net.thucydides.core.steps.ExecutedStepDescription@706cbf4a
[Test worker] WARN net.thucydides.core.steps.BaseStepListener - stepFinished: current outcome:Kevin registration on the automation page:Given Kevin wants to register on the automation page [Kevin open page automation [Kevin opens the Page automation, Kevin clicks on Boton para ingresar al registro]], When Enter all the required information
| strNombre | strApellido | strDireccion | strCorreo | strTelefono | strIdioma | strHabilidades | strPais | strAno | strMes | strDia | strClave1 | strClave2 |
| Kevin | Caballero | AV. 0 #4-24 | kevin@gmail.com | 3203700456 | Arabic | C | Japan | 1995 | October | 24 | Kc12345 | Kc12345 | [Kevin page register date [Kevin enters 'Kevin' into Nombre del usuario, Kevin enters 'Caballero' into Apellido del usuario, Kevin enters 'AV. 0 #4-24' into DirecciÃ³n del usuario, Kevin enters 'kevin@gmail.com' into Correo del usuario, Kevin enters '3203700456' into Telefono del usuario, Kevin clicks on Check Genero del usuario, Kevin clicks on Check Apellido del usuario, Kevin clicks on Contenedor Idioma del usuario, Kevin clicks on Idioma del usuario, Kevin select C on Habilidiades del usuario, Kevin clicks on Pais del usuario, Kevin enters 'Japan' into Pais del usuario, Kevin types 'ENTER' in Pais del usuario, Kevin select 1995 on Ano del usuario, Kevin select October on Mes del usuario, Kevin select 24 on Dia del usuario, Kevin enters 'Kc12345' into Clave1 del usuario, Kevin enters 'Kc12345' into Clave2 del usuario, Kevin clicks on Boton registrar datos]], Then registration is completed successfully
[Test worker] WARN net.thucydides.core.steps.BaseStepListener - testFinished: Kevin registration on the automation page:Given Kevin wants to register on the automation page [Kevin open page automation [Kevin opens the Page automation, Kevin clicks on Boton para ingresar al registro]], When Enter all the required information
| strNombre | strApellido | strDireccion | strCorreo | strTelefono | strIdioma | strHabilidades | strPais | strAno | strMes | strDia | strClave1 | strClave2 |
| Kevin | Caballero | AV. 0 #4-24 | kevin@gmail.com | 3203700456 | Arabic | C | Japan | 1995 | October | 24 | Kc12345 | Kc12345 | [Kevin page register date [Kevin enters 'Kevin' into Nombre del usuario, Kevin enters 'Caballero' into Apellido del usuario, Kevin enters 'AV. 0 #4-24' into DirecciÃ³n del usuario, Kevin enters 'kevin@gmail.com' into Correo del usuario, Kevin enters '3203700456' into Telefono del usuario, Kevin clicks on Check Genero del usuario, Kevin clicks on Check Apellido del usuario, Kevin clicks on Contenedor Idioma del usuario, Kevin clicks on Idioma del usuario, Kevin select C on Habilidiades del usuario, Kevin clicks on Pais del usuario, Kevin enters 'Japan' into Pais del usuario, Kevin types 'ENTER' in Pais del usuario, Kevin select 1995 on Ano del usuario, Kevin select October on Mes del usuario, Kevin select 24 on Dia del usuario, Kevin enters 'Kc12345' into Clave1 del usuario, Kevin enters 'Kc12345' into Clave2 del usuario, Kevin clicks on Boton registrar datos]], Then registration is completed successfully
[Test worker] WARN net.thucydides.core.steps.BaseStepListener - TestOutcomes: [Kevin registration on the automation page:Given Kevin wants to register on the automation page [Kevin open page automation [Kevin opens the Page automation, Kevin clicks on Boton para ingresar al registro]], When Enter all the required information
| strNombre | strApellido | strDireccion | strCorreo | strTelefono | strIdioma | strHabilidades | strPais | strAno | strMes | strDia | strClave1 | strClave2 |
| Kevin | Caballero | AV. 0 #4-24 | kevin@gmail.com | 3203700456 | Arabic | C | Japan | 1995 | October | 24 | Kc12345 | Kc12345 | [Kevin page register date [Kevin enters 'Kevin' into Nombre del usuario, Kevin enters 'Caballero' into Apellido del usuario, Kevin enters 'AV. 0 #4-24' into DirecciÃ³n del usuario, Kevin enters 'kevin@gmail.com' into Correo del usuario, Kevin enters '3203700456' into Telefono del usuario, Kevin clicks on Check Genero del usuario, Kevin clicks on Check Apellido del usuario, Kevin clicks on Contenedor Idioma del usuario, Kevin clicks on Idioma del usuario, Kevin select C on Habilidiades del usuario, Kevin clicks on Pais del usuario, Kevin enters 'Japan' into Pais del usuario, Kevin types 'ENTER' in Pais del usuario, Kevin select 1995 on Ano del usuario, Kevin select October on Mes del usuario, Kevin select 24 on Dia del usuario, Kevin enters 'Kc12345' into Clave1 del usuario, Kevin enters 'Kc12345' into Clave2 del usuario, Kevin clicks on Boton registrar datos]], Then registration is completed successfully]
[Test worker] WARN net.thucydides.core.steps.BaseStepListener - Final testOutcomes: [Kevin registration on the automation page:Given Kevin wants to register on the automation page [Kevin open page automation [Kevin opens the Page automation, Kevin clicks on Boton para ingresar al registro]], When Enter all the required information
| strNombre | strApellido | strDireccion | strCorreo | strTelefono | strIdioma | strHabilidades | strPais | strAno | strMes | strDia | strClave1 | strClave2 |
| Kevin | Caballero | AV. 0 #4-24 | kevin@gmail.com | 3203700456 | Arabic | C | Japan | 1995 | October | 24 | Kc12345 | Kc12345 | [Kevin page register date [Kevin enters 'Kevin' into Nombre del usuario, Kevin enters 'Caballero' into Apellido del usuario, Kevin enters 'AV. 0 #4-24' into DirecciÃ³n del usuario, Kevin enters 'kevin@gmail.com' into Correo del usuario, Kevin enters '3203700456' into Telefono del usuario, Kevin clicks on Check Genero del usuario, Kevin clicks on Check Apellido del usuario, Kevin clicks on Contenedor Idioma del usuario, Kevin clicks on Idioma del usuario, Kevin select C on Habilidiades del usuario, Kevin clicks on Pais del usuario, Kevin enters 'Japan' into Pais del usuario, Kevin types 'ENTER' in Pais del usuario, Kevin select 1995 on Ano del usuario, Kevin select October on Mes del usuario, Kevin select 24 on Dia del usuario, Kevin enters 'Kc12345' into Clave1 del usuario, Kevin enters 'Kc12345' into Clave2 del usuario, Kevin clicks on Boton registrar datos]], Then registration is completed successfully]
[Test worker] INFO net.thucydides.core.steps.ConsoleLoggingListener - 
        __    _____ _____ ____ _____   ____   _    ____  ____  _____ ____  
  _     \ \  |_   _| ____/ ___|_   _| |  _ \ / \  / ___|/ ___|| ____|  _ \ 
 (_)_____| |   | | |  _| \___ \ | |   | |_) / _ \ \___ \\___ \|  _| | | | |
  _|_____| |   | | | |___ ___) || |   |  __/ ___ \ ___) |___) | |___| |_| |
 (_)     | |   |_| |_____|____/ |_|   |_| /_/   \_\____/|____/|_____|____/ 
        /_/                                                                

TEST PASSED: Kevin registration on the automation page
----------------------------------------------------------------------------
]]></system-err>
</testsuite>
